<?xml version="1.0" encoding="UTF-8"?>
<!-- Generated by org.testng.reporters.JUnitXMLReporter -->
<testsuite hostname="LAPTOP-49HKD87B" ignored="0" name="Command line test" tests="6" failures="0" timestamp="25 Jul 2021 19:34:09 GMT" time="0.032" errors="0">
  <testcase name="IOSApps" time="0.005" classname="qaclickacademy.MavenJava.AppiumTest"/>
  <testcase name="nativeAppAndroid" time="0.0" classname="qaclickacademy.MavenJava.AppiumTest"/>
  <testcase name="deleteTwitter" time="0.0" classname="qaclickacademy.MavenJava.RestApiTest"/>
  <testcase name="postJira" time="0.0" classname="qaclickacademy.MavenJava.RestApiTest"/>
  <testcase name="browserAutomation" time="0.0" classname="qaclickacademy.MavenJava.SeleniumTest"/>
  <testcase name="elementUI" time="0.0" classname="qaclickacademy.MavenJava.SeleniumTest"/>
</testsuite> <!-- Command line test -->
