<?xml version="1.0" encoding="UTF-8"?>
<testng-results skipped="0" failed="0" ignored="0" total="6" passed="6">
  <reporter-output>
  </reporter-output>
  <suite name="Suite" duration-ms="22" started-at="2021-07-25T19:36:01Z" finished-at="2021-07-25T19:36:01Z">
    <groups>
    </groups>
    <test name="Test" duration-ms="22" started-at="2021-07-25T19:36:01Z" finished-at="2021-07-25T19:36:01Z">
      <class name="qaclickacademy.MavenJava.RestApiTest">
        <test-method status="PASS" signature="deleteTwitter()[pri:0, instance:qaclickacademy.MavenJava.RestApiTest@7a52f2a2]" name="deleteTwitter" duration-ms="3" started-at="2021-07-25T19:36:01Z" finished-at="2021-07-25T19:36:01Z">
          <reporter-output>
          </reporter-output>
        </test-method> <!-- deleteTwitter -->
        <test-method status="PASS" signature="postJira()[pri:0, instance:qaclickacademy.MavenJava.RestApiTest@7a52f2a2]" name="postJira" duration-ms="0" started-at="2021-07-25T19:36:01Z" finished-at="2021-07-25T19:36:01Z">
          <reporter-output>
          </reporter-output>
        </test-method> <!-- postJira -->
      </class> <!-- qaclickacademy.MavenJava.RestApiTest -->
      <class name="qaclickacademy.MavenJava.SeleniumTest">
        <test-method status="PASS" signature="browserAutomation()[pri:0, instance:qaclickacademy.MavenJava.SeleniumTest@78047b92]" name="browserAutomation" duration-ms="0" started-at="2021-07-25T19:36:01Z" finished-at="2021-07-25T19:36:01Z">
          <reporter-output>
          </reporter-output>
        </test-method> <!-- browserAutomation -->
        <test-method status="PASS" signature="elementUI()[pri:0, instance:qaclickacademy.MavenJava.SeleniumTest@78047b92]" name="elementUI" duration-ms="0" started-at="2021-07-25T19:36:01Z" finished-at="2021-07-25T19:36:01Z">
          <reporter-output>
          </reporter-output>
        </test-method> <!-- elementUI -->
      </class> <!-- qaclickacademy.MavenJava.SeleniumTest -->
      <class name="qaclickacademy.MavenJava.AppiumTest">
        <test-method status="PASS" signature="nativeAppAndroid()[pri:0, instance:qaclickacademy.MavenJava.AppiumTest@8909f18]" name="nativeAppAndroid" duration-ms="0" started-at="2021-07-25T19:36:01Z" finished-at="2021-07-25T19:36:01Z">
          <reporter-output>
          </reporter-output>
        </test-method> <!-- nativeAppAndroid -->
        <test-method status="PASS" signature="IOSApps()[pri:0, instance:qaclickacademy.MavenJava.AppiumTest@8909f18]" name="IOSApps" duration-ms="0" started-at="2021-07-25T19:36:01Z" finished-at="2021-07-25T19:36:01Z">
          <reporter-output>
          </reporter-output>
        </test-method> <!-- IOSApps -->
      </class> <!-- qaclickacademy.MavenJava.AppiumTest -->
    </test> <!-- Test -->
  </suite> <!-- Suite -->
</testng-results>
